<?xml version="1.0" encoding="UTF-8"?>
<testsuites name="jest tests" tests="1" failures="0" errors="0" time="2.597">
  <testsuite name="undefined" errors="0" failures="0" skipped="0" timestamp="2022-09-22T13:42:23" time="1.741" tests="1">
    <testcase classname=" renders correctly" name=" renders correctly" time="0.625">
    </testcase>
  </testsuite>
</testsuites>